<?xml version="1.0" encoding="UTF-8"?>
<!-- Generated by org.testng.reporters.JUnitReportReporter -->
<testsuite hostname="DESKTOP-9GIQDKD" failures="0" tests="8" name="testcases.LoginTest" time="232.812" errors="0" timestamp="2023-04-17T12:10:06 IST" skipped="0">
  <testcase classname="testcases.LoginTest" name="LoginwithValidCredentials1" time="39.428"/>
  <system-out/>
  <testcase classname="testcases.LoginTest" name="LoginwithInvalidPassword" time="15.428"/>
  <system-out/>
  <testcase classname="testcases.LoginTest" name="LoginwithInvalidEmail" time="31.334"/>
  <system-out/>
  <testcase classname="testcases.LoginTest" name="LoginwithInvalidCredentials1" time="34.073"/>
  <system-out/>
  <testcase classname="testcases.LoginTest" name="LoginwithValidMobileCredentials1" time="42.315"/>
  <system-out/>
  <testcase classname="testcases.LoginTest" name="LoginwithMobileInvalidPassword" time="24.903"/>
  <system-out/>
  <testcase classname="testcases.LoginTest" name="LoginwithInvalidMobilenumber" time="26.682"/>
  <system-out/>
  <testcase classname="testcases.LoginTest" name="LoginwithInvalidMobileCredentials1" time="18.649"/>
  <system-out/>
</testsuite> <!-- testcases.LoginTest -->
