<?xml version="1.0" encoding="UTF-8"?>
<!-- Generated by org.testng.reporters.JUnitReportReporter -->
<testsuite hostname="DESKTOP-9GIQDKD" failures="0" tests="1" name="testcases.FlightStatusTest" time="75.809" errors="0" timestamp="2023-04-17T12:10:06 IST" skipped="0">
  <testcase classname="testcases.FlightStatusTest" name="SearchFlightOperation" time="75.809"/>
  <system-out/>
</testsuite> <!-- testcases.FlightStatusTest -->
