<?xml version="1.0" encoding="UTF-8"?>
<!-- Generated by org.testng.reporters.JUnitReportReporter -->
<testsuite hostname="DESKTOP-9GIQDKD" failures="0" tests="1" name="testcases.SignupTest" time="78.984" errors="0" timestamp="2023-04-17T14:53:09 IST" skipped="0">
  <testcase classname="testcases.SignupTest" name="Signup" time="78.984"/>
  <system-out/>
</testsuite> <!-- testcases.SignupTest -->
