<?xml version="1.0" encoding="UTF-8"?>
<!-- Generated by org.testng.reporters.JUnitReportReporter -->
<testsuite hostname="DESKTOP-9GIQDKD" failures="0" tests="1" name="testcases.SignupTest" time="46.021" errors="0" timestamp="2023-04-17T15:00:46 IST" skipped="0">
  <testcase classname="testcases.SignupTest" name="Signup" time="46.021"/>
  <system-out/>
</testsuite> <!-- testcases.SignupTest -->
