<?xml version="1.0" encoding="UTF-8"?>
<!-- Generated by org.testng.reporters.JUnitReportReporter -->
<testsuite hostname="DESKTOP-9GIQDKD" failures="0" tests="8" name="testcases.LoginTest" time="120.184" errors="0" timestamp="2023-04-17T15:00:46 IST" skipped="0">
  <testcase classname="testcases.LoginTest" name="LoginwithValidCredentials1" time="15.459"/>
  <system-out/>
  <testcase classname="testcases.LoginTest" name="LoginwithInvalidPassword" time="12.248"/>
  <system-out/>
  <testcase classname="testcases.LoginTest" name="LoginwithInvalidEmail" time="26.288"/>
  <system-out/>
  <testcase classname="testcases.LoginTest" name="LoginwithInvalidCredentials1" time="11.886"/>
  <system-out/>
  <testcase classname="testcases.LoginTest" name="LoginwithValidMobileCredentials1" time="17.738"/>
  <system-out/>
  <testcase classname="testcases.LoginTest" name="LoginwithMobileInvalidPassword" time="12.334"/>
  <system-out/>
  <testcase classname="testcases.LoginTest" name="LoginwithInvalidMobilenumber" time="11.506"/>
  <system-out/>
  <testcase classname="testcases.LoginTest" name="LoginwithInvalidMobileCredentials1" time="12.725"/>
  <system-out/>
</testsuite> <!-- testcases.LoginTest -->
