<?xml version="1.0" encoding="UTF-8"?>
<!-- Generated by org.testng.reporters.JUnitReportReporter -->
<testsuite hostname="DESKTOP-9GIQDKD" failures="0" tests="1" name="testcases.FlightStatusTest" time="44.535" errors="0" timestamp="2023-04-17T15:00:46 IST" skipped="0">
  <testcase classname="testcases.FlightStatusTest" name="SearchFlightOperation" time="44.535"/>
  <system-out/>
</testsuite> <!-- testcases.FlightStatusTest -->
